<?xml version="1.0" encoding="UTF-8"?>
<testsuite name="Task1Test" tests="5" skipped="0" failures="0" errors="0" timestamp="2020-09-16T13:00:07" hostname="TUIMIN-MBPTB-EduardoPalacios.broadband" time="0.011">
  <properties/>
  <testcase name="should return true when input is within range A-Z and first letter is capital case" classname="Task1Test" time="0.01"/>
  <testcase name="should return false when input is within range a-z but first letter is lower case" classname="Task1Test" time="0.0"/>
  <testcase name="should return false when input is null" classname="Task1Test" time="0.0"/>
  <testcase name="should return false when input is blank" classname="Task1Test" time="0.001"/>
  <testcase name="should return false when input is empty" classname="Task1Test" time="0.0"/>
  <system-out><![CDATA[]]></system-out>
  <system-err><![CDATA[]]></system-err>
</testsuite>
